<?xml version="1.0" encoding="UTF-8"?>
<testng-results skipped="0" failed="0" ignored="0" total="3" passed="3">
  <reporter-output>
  </reporter-output>
  <suite name="Default suite" duration-ms="142" started-at="2022-11-04T13:34:48Z" finished-at="2022-11-04T13:34:49Z">
    <groups>
    </groups>
    <test name="Default test" duration-ms="142" started-at="2022-11-04T13:34:48Z" finished-at="2022-11-04T13:34:49Z">
      <class name="org.test.Sample">
        <test-method status="PASS" signature="test1()[pri:0, instance:org.test.Sample@5442a311]" name="test1" duration-ms="23" started-at="2022-11-04T13:34:49Z" finished-at="2022-11-04T13:34:49Z">
          <reporter-output>
          </reporter-output>
        </test-method> <!-- test1 -->
        <test-method status="PASS" signature="test2()[pri:0, instance:org.test.Sample@5442a311]" name="test2" duration-ms="8" started-at="2022-11-04T13:34:49Z" finished-at="2022-11-04T13:34:49Z">
          <reporter-output>
          </reporter-output>
        </test-method> <!-- test2 -->
        <test-method status="PASS" signature="test3()[pri:0, instance:org.test.Sample@5442a311]" name="test3" duration-ms="3" started-at="2022-11-04T13:34:49Z" finished-at="2022-11-04T13:34:49Z">
          <reporter-output>
          </reporter-output>
        </test-method> <!-- test3 -->
      </class> <!-- org.test.Sample -->
    </test> <!-- Default test -->
  </suite> <!-- Default suite -->
</testng-results>
