<?xml version="1.0" encoding="UTF-8"?>
<testng-results skipped="0" failed="0" ignored="0" total="3" passed="3">
  <reporter-output>
  </reporter-output>
  <suite name="Default suite" duration-ms="227" started-at="2022-11-09T05:45:39Z" finished-at="2022-11-09T05:45:39Z">
    <groups>
    </groups>
    <test name="Default test" duration-ms="227" started-at="2022-11-09T05:45:39Z" finished-at="2022-11-09T05:45:39Z">
      <class name="org.test.Day1">
        <test-method status="PASS" signature="test1()[pri:0, instance:org.test.Day1@5442a311]" name="test1" duration-ms="40" started-at="2022-11-09T05:45:39Z" finished-at="2022-11-09T05:45:39Z">
          <reporter-output>
          </reporter-output>
        </test-method> <!-- test1 -->
        <test-method status="PASS" signature="test4()[pri:0, instance:org.test.Day1@5442a311]" name="test4" duration-ms="4" started-at="2022-11-09T05:45:39Z" finished-at="2022-11-09T05:45:39Z">
          <reporter-output>
          </reporter-output>
        </test-method> <!-- test4 -->
        <test-method status="PASS" signature="test5()[pri:0, instance:org.test.Day1@5442a311]" name="test5" duration-ms="4" started-at="2022-11-09T05:45:39Z" finished-at="2022-11-09T05:45:39Z">
          <reporter-output>
          </reporter-output>
        </test-method> <!-- test5 -->
      </class> <!-- org.test.Day1 -->
    </test> <!-- Default test -->
  </suite> <!-- Default suite -->
</testng-results>
